Tracking Prevention blocked access to storage for <URL-адрес>.
Tracking Prevention blocked access to storage for <URL-адрес>.
Tracking Prevention blocked access to storage for <URL-адрес>.
Tracking Prevention blocked access to storage for <URL-адрес>.
Tracking Prevention blocked access to storage for <URL-адрес>.
Tracking Prevention blocked access to storage for <URL-адрес>.
Tracking Prevention blocked access to storage for <URL-адрес>.
Tracking Prevention blocked access to storage for <URL-адрес>.
Tracking Prevention blocked access to storage for <URL-адрес>.
Tracking Prevention blocked access to storage for <URL-адрес>.
Tracking Prevention blocked access to storage for <URL-адрес>.
Tracking Prevention blocked access to storage for <URL-адрес>.
Tracking Prevention blocked access to storage for <URL-адрес>.
Tracking Prevention blocked access to storage for <URL-адрес>.
Tracking Prevention blocked access to storage for <URL-адрес>.
Tracking Prevention blocked access to storage for <URL-адрес>.
Tracking Prevention blocked access to storage for <URL-адрес>.
Tracking Prevention blocked access to storage for <URL-адрес>.
Tracking Prevention blocked access to storage for <URL-адрес>.
Tracking Prevention blocked access to storage for <URL-адрес>.
Tracking Prevention blocked access to storage for <URL-адрес>.
Tracking Prevention blocked access to storage for <URL-адрес>.
Tracking Prevention blocked access to storage for <URL-адрес>.
Tracking Prevention blocked access to storage for <URL-адрес>.
Tracking Prevention blocked access to storage for <URL-адрес>.
Tracking Prevention blocked access to storage for <URL-адрес>.
Tracking Prevention blocked access to storage for <URL-адрес>.
Tracking Prevention blocked access to storage for <URL-адрес>.
Tracking Prevention blocked access to storage for <URL-адрес>.
Tracking Prevention blocked access to storage for <URL-адрес>.
Tracking Prevention blocked access to storage for <URL-адрес>.
Tracking Prevention blocked access to storage for <URL-адрес>.
Tracking Prevention blocked access to storage for <URL-адрес>.
Tracking Prevention blocked access to storage for <URL-адрес>.
Tracking Prevention blocked access to storage for <URL-адрес>.
Tracking Prevention blocked access to storage for <URL-адрес>.
Tracking Prevention blocked access to storage for <URL-адрес>.
Tracking Prevention blocked access to storage for <URL-адрес>.
Tracking Prevention blocked access to storage for <URL-адрес>.
Tracking Prevention blocked access to storage for <URL-адрес>.
Tracking Prevention blocked access to storage for <URL-адрес>.
Tracking Prevention blocked access to storage for <URL-адрес>.
Tracking Prevention blocked access to storage for <URL-адрес>.
Tracking Prevention blocked access to storage for <URL-адрес>.
Tracking Prevention blocked access to storage for <URL-адрес>.
Tracking Prevention blocked access to storage for <URL-адрес>.
Tracking Prevention blocked access to storage for <URL-адрес>.
Tracking Prevention blocked access to storage for <URL-адрес>.
Tracking Prevention blocked access to storage for <URL-адрес>.
Tracking Prevention blocked access to storage for <URL-адрес>.
Tracking Prevention blocked access to storage for <URL-адрес>.
Tracking Prevention blocked access to storage for <URL-адрес>.
Tracking Prevention blocked access to storage for <URL-адрес>.
Tracking Prevention blocked access to storage for <URL-адрес>.
Tracking Prevention blocked access to storage for <URL-адрес>.
Tracking Prevention blocked access to storage for <URL-адрес>.
Tracking Prevention blocked access to storage for <URL-адрес>.
Tracking Prevention blocked access to storage for <URL-адрес>.
Tracking Prevention blocked access to storage for <URL-адрес>.
Tracking Prevention blocked access to storage for <URL-адрес>.
Tracking Prevention blocked access to storage for <URL-адрес>.
Tracking Prevention blocked access to storage for <URL-адрес>.
Tracking Prevention blocked access to storage for <URL-адрес>.
Tracking Prevention blocked access to storage for <URL-адрес>.
Tracking Prevention blocked access to storage for <URL-адрес>.
Tracking Prevention blocked access to storage for <URL-адрес>.
Tracking Prevention blocked access to storage for <URL-адрес>.
Tracking Prevention blocked access to storage for <URL-адрес>.
Tracking Prevention blocked access to storage for <URL-адрес>.
Tracking Prevention blocked access to storage for <URL-адрес>.
Tracking Prevention blocked access to storage for <URL-адрес>.
Tracking Prevention blocked access to storage for <URL-адрес>.
Tracking Prevention blocked access to storage for <URL-адрес>.
Tracking Prevention blocked access to storage for <URL-адрес>.
Tracking Prevention blocked access to storage for <URL-адрес>.
Tracking Prevention blocked access to storage for <URL-адрес>.
Tracking Prevention blocked access to storage for <URL-адрес>.
Tracking Prevention blocked access to storage for <URL-адрес>.
Tracking Prevention blocked access to storage for <URL-адрес>.
Tracking Prevention blocked access to storage for <URL-адрес>.
Tracking Prevention blocked access to storage for <URL-адрес>.
Tracking Prevention blocked access to storage for <URL-адрес>.
Tracking Prevention blocked access to storage for <URL-адрес>.
Tracking Prevention blocked access to storage for <URL-адрес>.
Tracking Prevention blocked access to storage for <URL-адрес>.
Tracking Prevention blocked access to storage for <URL-адрес>.
Tracking Prevention blocked access to storage for <URL-адрес>.
Tracking Prevention blocked access to storage for <URL-адрес>.
Tracking Prevention blocked access to storage for <URL-адрес>.
Tracking Prevention blocked access to storage for <URL-адрес>.
Tracking Prevention blocked access to storage for <URL-адрес>.
Tracking Prevention blocked access to storage for <URL-адрес>.
Tracking Prevention blocked access to storage for <URL-адрес>.
Tracking Prevention blocked access to storage for <URL-адрес>.
Tracking Prevention blocked access to storage for <URL-адрес>.
Tracking Prevention blocked access to storage for <URL-адрес>.
Tracking Prevention blocked access to storage for <URL-адрес>.
Tracking Prevention blocked access to storage for <URL-адрес>.
Tracking Prevention blocked access to storage for <URL-адрес>.
Tracking Prevention blocked access to storage for <URL-адрес>.
Tracking Prevention blocked access to storage for <URL-адрес>.
Tracking Prevention blocked access to storage for <URL-адрес>.
Tracking Prevention blocked access to storage for <URL-адрес>.
Tracking Prevention blocked access to storage for <URL-адрес>.
Tracking Prevention blocked access to storage for <URL-адрес>.
Tracking Prevention blocked access to storage for <URL-адрес>.
Tracking Prevention blocked access to storage for <URL-адрес>.
Tracking Prevention blocked access to storage for <URL-адрес>.
Tracking Prevention blocked access to storage for <URL-адрес>.
Tracking Prevention blocked access to storage for <URL-адрес>.
Tracking Prevention blocked access to storage for <URL-адрес>.
Tracking Prevention blocked access to storage for <URL-адрес>.
Tracking Prevention blocked access to storage for <URL-адрес>.
Tracking Prevention blocked access to storage for <URL-адрес>.
Tracking Prevention blocked access to storage for <URL-адрес>.
Tracking Prevention blocked access to storage for <URL-адрес>.
Tracking Prevention blocked access to storage for <URL-адрес>.
Tracking Prevention blocked access to storage for <URL-адрес>.
Tracking Prevention blocked access to storage for <URL-адрес>.
Tracking Prevention blocked access to storage for <URL-адрес>.
Tracking Prevention blocked access to storage for <URL-адрес>.
Tracking Prevention blocked access to storage for <URL-адрес>.
Tracking Prevention blocked access to storage for <URL-адрес>.
Tracking Prevention blocked access to storage for <URL-адрес>.
Tracking Prevention blocked access to storage for <URL-адрес>.
Tracking Prevention blocked access to storage for <URL-адрес>.
Tracking Prevention blocked access to storage for <URL-адрес>.
Tracking Prevention blocked access to storage for <URL-адрес>.
Tracking Prevention blocked access to storage for <URL-адрес>.
page_56115a21ea3451e364403717d3f96f19_v1.js?170509711453327:2558  Uncaught ReferenceError: ytPlayer is not defined
    at page_56115a21ea3451e364403717d3f96f19_v1.js?170509711453327:2558:1
(anonymous) @ page_56115a21ea3451e364403717d3f96f19_v1.js?170509711453327:2558
VM1000:1  [Report Only] Refused to load the script 'https://connect.facebook.net/en_US/fbevents.js' because it violates the following Content Security Policy directive: "script-src 'self' 'unsafe-inline' *.googletagmanager.com yastatic.net *.yandex.net *.yandex.ru bitrix.info fonts.googleapis.com *.google.com *.gstatic.com *.google-analytics.com". Note that 'script-src-elem' was not explicitly set, so 'script-src' is used as a fallback.

(anonymous) @ VM1000:1
(anonymous) @ VM1000:1
(anonymous) @ gtm.js?id=GTM-TKGDXBM:291
(anonymous) @ gtm.js?id=GTM-TKGDXBM:292
b @ gtm.js?id=GTM-TKGDXBM:292
Zc @ gtm.js?id=GTM-TKGDXBM:58
e @ gtm.js?id=GTM-TKGDXBM:224
(anonymous) @ gtm.js?id=GTM-TKGDXBM:39
(anonymous) @ gtm.js?id=GTM-TKGDXBM:225
(anonymous) @ gtm.js?id=GTM-TKGDXBM:225
Os @ gtm.js?id=GTM-TKGDXBM:228
Xs @ gtm.js?id=GTM-TKGDXBM:232
Tt @ gtm.js?id=GTM-TKGDXBM:246
Wt @ gtm.js?id=GTM-TKGDXBM:251
Yt @ gtm.js?id=GTM-TKGDXBM:252
setTimeout (асинхронно)
G @ gtm.js?id=GTM-TKGDXBM:51
$t @ gtm.js?id=GTM-TKGDXBM:255
(anonymous) @ gtm.js?id=GTM-TKGDXBM:303
(anonymous) @ gtm.js?id=GTM-TKGDXBM:301
(anonymous) @ gtm.js?id=GTM-TKGDXBM:301
(anonymous) @ gtm.js?id=GTM-TKGDXBM:307
fbevents.js:24  [Report Only] Refused to load the script 'https://connect.facebook.net/signals/config/753421948952658?v=2.9.140&r=stable&domain=www.flamax.ru' because it violates the following Content Security Policy directive: "script-src 'self' 'unsafe-inline' *.googletagmanager.com yastatic.net *.yandex.net *.yandex.ru bitrix.info fonts.googleapis.com *.google.com *.gstatic.com *.google-analytics.com". Note that 'script-src-elem' was not explicitly set, so 'script-src' is used as a fallback.

e @ fbevents.js:24
Q @ fbevents.js:24
value @ fbevents.js:24
Z @ fbevents.js:28
Y @ fbevents.js:28
xa @ fbevents.js:28
(anonymous) @ fbevents.js:28
(anonymous) @ fbevents.js:24
v @ fbevents.js:24
each @ fbevents.js:24
value @ fbevents.js:24
value @ fbevents.js:24
value @ fbevents.js:24
plugin @ fbevents.js:36
value @ fbevents.js:24
Ca.a.registerPlugin @ fbevents.js:28
(anonymous) @ fbevents.js:29
Metallic-Bolted-Storage-Tank/:1  [Report Only] Refused to load the image 'https://www.facebook.com/tr/?id=753421948952658&ev=PageView&dl=https%3A%2F%2Fwww.flamax.ru%2Freservoirs%2FMetallic-Bolted-Storage-Tank%2F&rl=&if=false&ts=1705192888000&sw=1920&sh=1080&v=2.9.140&r=stable&ec=0&o=4126&fbp=fb.1.1705062122392.1234363460&ler=empty&it=1705192887989&coo=false&rqm=GET' because it violates the following Content Security Policy directive: "img-src 'self' data: *.yandex.net *.yandex.ru *.google-analytics.com".

www.facebook.com/tr/?id=753421948952658&ev=PageView&dl=https%3A%2F%2Fwww.flamax.ru%2Freservoirs%2FMetallic-Bolted-Storage-Tank%2F&rl=&if=false&ts=1705192888000&sw=1920&sh=1080&v=2.9.140&r=stable&ec=0&o=4126&fbp=fb.1.1705062122392.1234363460&ler=empty&it=1705192887989&coo=false&rqm=GET:1 
        
        
        GET https://www.facebook.com/tr/?id=753421948952658&ev=PageView&dl=https%3A%2F%2Fwww.flamax.ru%2Freservoirs%2FMetallic-Bolted-Storage-Tank%2F&rl=&if=false&ts=1705192888000&sw=1920&sh=1080&v=2.9.140&r=stable&ec=0&o=4126&fbp=fb.1.1705062122392.1234363460&ler=empty&it=1705192887989&coo=false&rqm=GET net::ERR_CONNECTION_TIMED_OUT
Image (асинхронно)
g @ fbevents.js:24
D @ fbevents.js:24
wa @ fbevents.js:28
sa @ fbevents.js:28
ra @ fbevents.js:28
Y @ fbevents.js:28
xa @ fbevents.js:28
(anonymous) @ fbevents.js:28
(anonymous) @ fbevents.js:24
v @ fbevents.js:24
each @ fbevents.js:24
value @ fbevents.js:24
value @ fbevents.js:24
value @ fbevents.js:24
plugin @ 753421948952658?v=2.9.140&r=stable&domain=www.flamax.ru:172
value @ fbevents.js:24
Ca.a.registerPlugin @ fbevents.js:28
(anonymous) @ 753421948952658?v=2.9.140&r=stable&domain=www.flamax.ru:136
base.js:7962 
        
        
        POST https://play.google.com/log?format=json&hasfast=true&authuser=0 net::ERR_QUIC_PROTOCOL_ERROR.QUIC_NETWORK_IDLE_TIMEOUT
g.k.send @ base.js:7962
yfa @ base.js:773
Mn.send @ base.js:7974
r @ base.js:7950
g.k.flush @ base.js:7951
On.flush @ base.js:7977
g.k.Cx @ base.js:7875
Ed @ base.js:308
g.k.dispatchEvent @ base.js:7829
g.k.Tba @ base.js:7870
setTimeout (асинхронно)
g.k.start @ base.js:7871
wca @ base.js:439
g.k.rL @ base.js:7879
g.k.Jl @ base.js:7878
Zfa @ base.js:817
ao @ base.js:824
(anonymous) @ base.js:971
Ha @ base.js:146
next @ base.js:147
b @ base.js:151
Promise.then (асинхронно)
f @ base.js:153
Promise.then (асинхронно)
f @ base.js:153
(anonymous) @ base.js:154
jaa @ base.js:153
g.G @ base.js:155
gha @ base.js:971
(anonymous) @ base.js:976
Ha @ base.js:146
next @ base.js:147
(anonymous) @ base.js:154
jaa @ base.js:153
g.G @ base.js:155
hha @ base.js:976
g.k.start @ base.js:8125
dWa @ base.js:5142
(anonymous) @ base.js:5136
BD @ base.js:2092
g.CD @ base.js:2087
(anonymous) @ base.js:5136
g.k.oa @ base.js:8403
wU.oa @ base.js:10423
g.k.oa @ base.js:10417
g.g1 @ base.js:7017
g.g1.create @ base.js:12588
a.l @ www-embed-player.js:1840
tx @ www-embed-player.js:1841
m.loadNewVideoConfig @ www-embed-player.js:1835
(anonymous) @ www-embed-player.js:1833
setTimeout (асинхронно)
qx @ www-embed-player.js:1833
Mx @ www-embed-player.js:1876
(anonymous) @ www-embed-player.js:1889
(anonymous) @ FRKO73GZ-Xc?autoplay=0&controls=0&loop=1&rel=0&showinfo=0&modestbranding=1:10
base.js:7962 
        
        
        POST https://play.google.com/log?format=json&hasfast=true&authuser=0 net::ERR_QUIC_PROTOCOL_ERROR.QUIC_NETWORK_IDLE_TIMEOUT
g.k.send @ base.js:7962
yfa @ base.js:773
Mn.send @ base.js:7974
r @ base.js:7950
g.k.flush @ base.js:7951
On.flush @ base.js:7977
g.k.Cx @ base.js:7875
Ed @ base.js:308
g.k.dispatchEvent @ base.js:7829
g.k.Tba @ base.js:7870
setTimeout (асинхронно)
g.k.start @ base.js:7871
wca @ base.js:439
g.k.Ii @ base.js:7880
Aca.Ii @ base.js:7881
g.k.LX @ base.js:7986
Sn.done @ base.js:7978
$p @ base.js:958
hq.j @ base.js:8119
bq.G @ base.js:8112
iha @ base.js:979
fWa @ base.js:5144
(anonymous) @ base.js:5143
Ha @ base.js:146
next @ base.js:147
(anonymous) @ base.js:154
jaa @ base.js:153
g.G @ base.js:155
UV @ base.js:5143
dWa @ base.js:5142
(anonymous) @ base.js:5136
BD @ base.js:2092
g.CD @ base.js:2087
(anonymous) @ base.js:5136
g.k.oa @ base.js:8403
wU.oa @ base.js:10423
g.k.oa @ base.js:10417
g.g1 @ base.js:7017
g.g1.create @ base.js:12588
a.l @ www-embed-player.js:1840
tx @ www-embed-player.js:1841
m.loadNewVideoConfig @ www-embed-player.js:1835
(anonymous) @ www-embed-player.js:1833
setTimeout (асинхронно)
qx @ www-embed-player.js:1833
Mx @ www-embed-player.js:1876
(anonymous) @ www-embed-player.js:1889
(anonymous) @ FRKO73GZ-Xc?autoplay=0&controls=0&loop=1&rel=0&showinfo=0&modestbranding=1:10
base.js:7962 
        
        
        POST https://play.google.com/log?format=json&hasfast=true&authuser=0 net::ERR_QUIC_PROTOCOL_ERROR.QUIC_NETWORK_IDLE_TIMEOUT
g.k.send @ base.js:7962
yfa @ base.js:773
Mn.send @ base.js:7974
r @ base.js:7950
g.k.flush @ base.js:7951
On.flush @ base.js:7977
g.k.Cx @ base.js:7875
Ed @ base.js:308
g.k.dispatchEvent @ base.js:7829
g.k.Tba @ base.js:7870
setTimeout (асинхронно)
g.k.start @ base.js:7871
wca @ base.js:439
g.k.rL @ base.js:7879
g.k.Jl @ base.js:7878
Zfa @ base.js:817
ao @ base.js:824
pya @ base.js:2857
(anonymous) @ base.js:2855
h @ base.js:2342
(anonymous) @ base.js:1928
setTimeout (асинхронно)
g.tC @ base.js:1951
(anonymous) @ base.js:2343
m.Ya @ www-embed-player.js:703
g.gF @ base.js:2347
(anonymous) @ base.js:2352
setTimeout (асинхронно)
Gsa.e.onload @ base.js:2353
load (асинхронно)
Gsa @ base.js:2353
Csa @ base.js:2352
g.Dsa @ base.js:2351
qya @ base.js:2855
g.k.initialize @ base.js:9099
RLa @ base.js:4030
g.aMa @ base.js:4043
s1 @ base.js:7057
Ubb @ base.js:7056
g.g1 @ base.js:7021
g.g1.create @ base.js:12588
a.l @ www-embed-player.js:1840
tx @ www-embed-player.js:1841
m.loadNewVideoConfig @ www-embed-player.js:1835
(anonymous) @ www-embed-player.js:1833
setTimeout (асинхронно)
qx @ www-embed-player.js:1833
Mx @ www-embed-player.js:1876
(anonymous) @ www-embed-player.js:1889
(anonymous) @ FRKO73GZ-Xc?autoplay=0&controls=0&loop=1&rel=0&showinfo=0&modestbranding=1:10
FRKO73GZ-Xc:10 
        
        
        GET https://yt3.ggpht.com/BqXzHBTJ2LL8TE3ZPH7Y4PX4S1tX4JBVt_LGthTibXWh4cF9io4JWhKX-td7w4WQy9V_HmMWsA=s68-c-k-c0x00ffffff-no-rj net::ERR_CONNECTION_RESET
